{"C:\\Users\\Rayson\\Desktop\\coding\\orbital\\metaverse-mayhem\\server\\index.js": {"path":"C:\\Users\\Rayson\\Desktop\\coding\\orbital\\metaverse-mayhem\\server\\index.js","statementMap":{"0":{"start":{"line":13,"column":0},"end":{"line":13,"column":16}},"1":{"start":{"line":15,"column":12},"end":{"line":15,"column":21}},"2":{"start":{"line":16,"column":0},"end":{"line":16,"column":16}},"3":{"start":{"line":17,"column":0},"end":{"line":17,"column":24}},"4":{"start":{"line":18,"column":0},"end":{"line":18,"column":48}},"5":{"start":{"line":20,"column":0},"end":{"line":20,"column":37}},"6":{"start":{"line":21,"column":0},"end":{"line":21,"column":36}},"7":{"start":{"line":22,"column":0},"end":{"line":22,"column":36}},"8":{"start":{"line":23,"column":0},"end":{"line":23,"column":50}},"9":{"start":{"line":25,"column":19},"end":{"line":25,"column":36}},"10":{"start":{"line":26,"column":11},"end":{"line":31,"column":2}},"11":{"start":{"line":38,"column":0},"end":{"line":42,"column":3}},"12":{"start":{"line":39,"column":2},"end":{"line":41,"column":4}},"13":{"start":{"line":50,"column":19},"end":{"line":58,"column":1}},"14":{"start":{"line":51,"column":15},"end":{"line":51,"column":50}},"15":{"start":{"line":53,"column":2},"end":{"line":55,"column":3}},"16":{"start":{"line":54,"column":4},"end":{"line":54,"column":21}},"17":{"start":{"line":57,"column":2},"end":{"line":57,"column":11}},"18":{"start":{"line":66,"column":25},"end":{"line":74,"column":1}},"19":{"start":{"line":67,"column":15},"end":{"line":67,"column":50}},"20":{"start":{"line":69,"column":2},"end":{"line":71,"column":3}},"21":{"start":{"line":70,"column":4},"end":{"line":70,"column":28}},"22":{"start":{"line":73,"column":2},"end":{"line":73,"column":12}},"23":{"start":{"line":83,"column":23},"end":{"line":87,"column":1}},"24":{"start":{"line":84,"column":18},"end":{"line":84,"column":49}},"25":{"start":{"line":86,"column":2},"end":{"line":86,"column":42}},"26":{"start":{"line":92,"column":23},"end":{"line":210,"column":1}},"27":{"start":{"line":93,"column":2},"end":{"line":209,"column":5}},"28":{"start":{"line":98,"column":4},"end":{"line":137,"column":7}},"29":{"start":{"line":99,"column":29},"end":{"line":99,"column":57}},"30":{"start":{"line":99,"column":35},"end":{"line":99,"column":57}},"31":{"start":{"line":100,"column":6},"end":{"line":102,"column":7}},"32":{"start":{"line":101,"column":8},"end":{"line":101,"column":15}},"33":{"start":{"line":103,"column":6},"end":{"line":103,"column":34}},"34":{"start":{"line":104,"column":6},"end":{"line":104,"column":32}},"35":{"start":{"line":106,"column":6},"end":{"line":109,"column":9}},"36":{"start":{"line":111,"column":6},"end":{"line":114,"column":8}},"37":{"start":{"line":116,"column":6},"end":{"line":136,"column":7}},"38":{"start":{"line":117,"column":8},"end":{"line":120,"column":10}},"39":{"start":{"line":121,"column":32},"end":{"line":121,"column":52}},"40":{"start":{"line":122,"column":39},"end":{"line":122,"column":67}},"41":{"start":{"line":123,"column":24},"end":{"line":123,"column":58}},"42":{"start":{"line":124,"column":8},"end":{"line":129,"column":11}},"43":{"start":{"line":130,"column":8},"end":{"line":135,"column":11}},"44":{"start":{"line":144,"column":4},"end":{"line":148,"column":7}},"45":{"start":{"line":145,"column":6},"end":{"line":147,"column":9}},"46":{"start":{"line":153,"column":4},"end":{"line":155,"column":7}},"47":{"start":{"line":154,"column":6},"end":{"line":154,"column":39}},"48":{"start":{"line":161,"column":4},"end":{"line":208,"column":7}},"49":{"start":{"line":162,"column":25},"end":{"line":162,"column":32}},"50":{"start":{"line":163,"column":25},"end":{"line":163,"column":32}},"51":{"start":{"line":164,"column":6},"end":{"line":164,"column":27}},"52":{"start":{"line":165,"column":6},"end":{"line":165,"column":58}},"53":{"start":{"line":167,"column":6},"end":{"line":170,"column":8}},"54":{"start":{"line":171,"column":6},"end":{"line":174,"column":8}},"55":{"start":{"line":177,"column":6},"end":{"line":179,"column":7}},"56":{"start":{"line":178,"column":8},"end":{"line":178,"column":15}},"57":{"start":{"line":181,"column":22},"end":{"line":181,"column":28}},"58":{"start":{"line":182,"column":6},"end":{"line":192,"column":7}},"59":{"start":{"line":183,"column":27},"end":{"line":189,"column":9}},"60":{"start":{"line":191,"column":8},"end":{"line":191,"column":55}},"61":{"start":{"line":194,"column":6},"end":{"line":204,"column":7}},"62":{"start":{"line":195,"column":27},"end":{"line":201,"column":9}},"63":{"start":{"line":203,"column":8},"end":{"line":203,"column":55}},"64":{"start":{"line":205,"column":6},"end":{"line":205,"column":65}},"65":{"start":{"line":206,"column":6},"end":{"line":206,"column":63}},"66":{"start":{"line":207,"column":6},"end":{"line":207,"column":72}},"67":{"start":{"line":215,"column":27},"end":{"line":232,"column":1}},"68":{"start":{"line":216,"column":2},"end":{"line":231,"column":3}},"69":{"start":{"line":218,"column":4},"end":{"line":218,"column":37}},"70":{"start":{"line":221,"column":4},"end":{"line":225,"column":7}},"71":{"start":{"line":222,"column":6},"end":{"line":224,"column":8}},"72":{"start":{"line":228,"column":4},"end":{"line":228,"column":21}},"73":{"start":{"line":230,"column":4},"end":{"line":230,"column":19}}},"fnMap":{"0":{"name":"(anonymous_0)","decl":{"start":{"line":38,"column":13},"end":{"line":38,"column":14}},"loc":{"start":{"line":38,"column":33},"end":{"line":42,"column":1}},"line":38},"1":{"name":"(anonymous_1)","decl":{"start":{"line":50,"column":19},"end":{"line":50,"column":20}},"loc":{"start":{"line":50,"column":34},"end":{"line":58,"column":1}},"line":50},"2":{"name":"(anonymous_2)","decl":{"start":{"line":66,"column":25},"end":{"line":66,"column":26}},"loc":{"start":{"line":66,"column":40},"end":{"line":74,"column":1}},"line":66},"3":{"name":"(anonymous_3)","decl":{"start":{"line":83,"column":23},"end":{"line":83,"column":24}},"loc":{"start":{"line":83,"column":52},"end":{"line":87,"column":1}},"line":83},"4":{"name":"(anonymous_4)","decl":{"start":{"line":92,"column":23},"end":{"line":92,"column":24}},"loc":{"start":{"line":92,"column":29},"end":{"line":210,"column":1}},"line":92},"5":{"name":"(anonymous_5)","decl":{"start":{"line":93,"column":22},"end":{"line":93,"column":23}},"loc":{"start":{"line":93,"column":34},"end":{"line":209,"column":3}},"line":93},"6":{"name":"(anonymous_6)","decl":{"start":{"line":98,"column":26},"end":{"line":98,"column":27}},"loc":{"start":{"line":98,"column":54},"end":{"line":137,"column":5}},"line":98},"7":{"name":"(anonymous_7)","decl":{"start":{"line":99,"column":29},"end":{"line":99,"column":30}},"loc":{"start":{"line":99,"column":35},"end":{"line":99,"column":57}},"line":99},"8":{"name":"(anonymous_8)","decl":{"start":{"line":144,"column":27},"end":{"line":144,"column":28}},"loc":{"start":{"line":144,"column":43},"end":{"line":148,"column":5}},"line":144},"9":{"name":"(anonymous_9)","decl":{"start":{"line":153,"column":28},"end":{"line":153,"column":29}},"loc":{"start":{"line":153,"column":34},"end":{"line":155,"column":5}},"line":153},"10":{"name":"(anonymous_10)","decl":{"start":{"line":161,"column":24},"end":{"line":161,"column":25}},"loc":{"start":{"line":161,"column":37},"end":{"line":208,"column":5}},"line":161},"11":{"name":"(anonymous_11)","decl":{"start":{"line":215,"column":27},"end":{"line":215,"column":28}},"loc":{"start":{"line":215,"column":39},"end":{"line":232,"column":1}},"line":215},"12":{"name":"(anonymous_12)","decl":{"start":{"line":221,"column":48},"end":{"line":221,"column":49}},"loc":{"start":{"line":221,"column":54},"end":{"line":225,"column":5}},"line":221}},"branchMap":{"0":{"loc":{"start":{"line":53,"column":2},"end":{"line":55,"column":3}},"type":"if","locations":[{"start":{"line":53,"column":2},"end":{"line":55,"column":3}},{"start":{},"end":{}}],"line":53},"1":{"loc":{"start":{"line":69,"column":2},"end":{"line":71,"column":3}},"type":"if","locations":[{"start":{"line":69,"column":2},"end":{"line":71,"column":3}},{"start":{},"end":{}}],"line":69},"2":{"loc":{"start":{"line":100,"column":6},"end":{"line":102,"column":7}},"type":"if","locations":[{"start":{"line":100,"column":6},"end":{"line":102,"column":7}},{"start":{},"end":{}}],"line":100},"3":{"loc":{"start":{"line":116,"column":6},"end":{"line":136,"column":7}},"type":"if","locations":[{"start":{"line":116,"column":6},"end":{"line":136,"column":7}},{"start":{},"end":{}}],"line":116},"4":{"loc":{"start":{"line":177,"column":6},"end":{"line":179,"column":7}},"type":"if","locations":[{"start":{"line":177,"column":6},"end":{"line":179,"column":7}},{"start":{},"end":{}}],"line":177},"5":{"loc":{"start":{"line":182,"column":6},"end":{"line":192,"column":7}},"type":"if","locations":[{"start":{"line":182,"column":6},"end":{"line":192,"column":7}},{"start":{},"end":{}}],"line":182},"6":{"loc":{"start":{"line":186,"column":24},"end":{"line":188,"column":36}},"type":"cond-expr","locations":[{"start":{"line":187,"column":28},"end":{"line":187,"column":38}},{"start":{"line":188,"column":28},"end":{"line":188,"column":36}}],"line":186},"7":{"loc":{"start":{"line":194,"column":6},"end":{"line":204,"column":7}},"type":"if","locations":[{"start":{"line":194,"column":6},"end":{"line":204,"column":7}},{"start":{},"end":{}}],"line":194},"8":{"loc":{"start":{"line":198,"column":24},"end":{"line":200,"column":36}},"type":"cond-expr","locations":[{"start":{"line":199,"column":28},"end":{"line":199,"column":38}},{"start":{"line":200,"column":28},"end":{"line":200,"column":36}}],"line":198},"9":{"loc":{"start":{"line":221,"column":22},"end":{"line":221,"column":46}},"type":"binary-expr","locations":[{"start":{"line":221,"column":22},"end":{"line":221,"column":38}},{"start":{"line":221,"column":42},"end":{"line":221,"column":46}}],"line":221},"10":{"loc":{"start":{"line":223,"column":37},"end":{"line":223,"column":61}},"type":"binary-expr","locations":[{"start":{"line":223,"column":37},"end":{"line":223,"column":53}},{"start":{"line":223,"column":57},"end":{"line":223,"column":61}}],"line":223}},"s":{"0":4,"1":4,"2":4,"3":4,"4":4,"5":4,"6":4,"7":4,"8":4,"9":4,"10":4,"11":4,"12":0,"13":4,"14":0,"15":0,"16":0,"17":0,"18":4,"19":0,"20":0,"21":0,"22":0,"23":4,"24":0,"25":0,"26":4,"27":0,"28":0,"29":0,"30":0,"31":0,"32":0,"33":0,"34":0,"35":0,"36":0,"37":0,"38":0,"39":0,"40":0,"41":0,"42":0,"43":0,"44":0,"45":0,"46":0,"47":0,"48":0,"49":0,"50":0,"51":0,"52":0,"53":0,"54":0,"55":0,"56":0,"57":0,"58":0,"59":0,"60":0,"61":0,"62":0,"63":0,"64":0,"65":0,"66":0,"67":4,"68":0,"69":0,"70":0,"71":0,"72":0,"73":0},"f":{"0":0,"1":0,"2":0,"3":0,"4":0,"5":0,"6":0,"7":0,"8":0,"9":0,"10":0,"11":0,"12":0},"b":{"0":[0,0],"1":[0,0],"2":[0,0],"3":[0,0],"4":[0,0],"5":[0,0],"6":[0,0],"7":[0,0],"8":[0,0],"9":[0,0],"10":[0,0]},"_coverageSchema":"1a1c01bbd47fc00a2c39e90264f33305004495a9","hash":"7824e215355aca4d25b6afac6f4138fea5e0235c"}
,"C:\\Users\\Rayson\\Desktop\\coding\\orbital\\metaverse-mayhem\\server\\mongodb\\connect.js": {"path":"C:\\Users\\Rayson\\Desktop\\coding\\orbital\\metaverse-mayhem\\server\\mongodb\\connect.js","statementMap":{"0":{"start":{"line":3,"column":18},"end":{"line":9,"column":1}},"1":{"start":{"line":4,"column":2},"end":{"line":4,"column":36}},"2":{"start":{"line":6,"column":2},"end":{"line":8,"column":34}},"3":{"start":{"line":7,"column":16},"end":{"line":7,"column":64}},"4":{"start":{"line":8,"column":18},"end":{"line":8,"column":32}}},"fnMap":{"0":{"name":"(anonymous_0)","decl":{"start":{"line":3,"column":18},"end":{"line":3,"column":19}},"loc":{"start":{"line":3,"column":27},"end":{"line":9,"column":1}},"line":3},"1":{"name":"(anonymous_1)","decl":{"start":{"line":7,"column":10},"end":{"line":7,"column":11}},"loc":{"start":{"line":7,"column":16},"end":{"line":7,"column":64}},"line":7},"2":{"name":"(anonymous_2)","decl":{"start":{"line":8,"column":11},"end":{"line":8,"column":12}},"loc":{"start":{"line":8,"column":18},"end":{"line":8,"column":32}},"line":8}},"branchMap":{},"s":{"0":4,"1":0,"2":0,"3":0,"4":0},"f":{"0":0,"1":0,"2":0},"b":{},"_coverageSchema":"1a1c01bbd47fc00a2c39e90264f33305004495a9","hash":"0fed9d98f4e3ad8a8ee16961c4afb717716b00fa"}
,"C:\\Users\\Rayson\\Desktop\\coding\\orbital\\metaverse-mayhem\\server\\mongodb\\models\\game.js": {"path":"C:\\Users\\Rayson\\Desktop\\coding\\orbital\\metaverse-mayhem\\server\\mongodb\\models\\game.js","statementMap":{"0":{"start":{"line":3,"column":19},"end":{"line":5,"column":2}},"1":{"start":{"line":7,"column":13},"end":{"line":7,"column":47}}},"fnMap":{},"branchMap":{},"s":{"0":4,"1":4},"f":{},"b":{},"_coverageSchema":"1a1c01bbd47fc00a2c39e90264f33305004495a9","hash":"cd945dfd479a777874525ba0fb038087e086d17d"}
,"C:\\Users\\Rayson\\Desktop\\coding\\orbital\\metaverse-mayhem\\server\\mongodb\\models\\listing.js": {"path":"C:\\Users\\Rayson\\Desktop\\coding\\orbital\\metaverse-mayhem\\server\\mongodb\\models\\listing.js","statementMap":{"0":{"start":{"line":3,"column":22},"end":{"line":8,"column":2}},"1":{"start":{"line":10,"column":16},"end":{"line":10,"column":56}}},"fnMap":{},"branchMap":{},"s":{"0":4,"1":4},"f":{},"b":{},"_coverageSchema":"1a1c01bbd47fc00a2c39e90264f33305004495a9","hash":"3e5afeae17a2f202a50feadd5df76017aec595d0"}
,"C:\\Users\\Rayson\\Desktop\\coding\\orbital\\metaverse-mayhem\\server\\mongodb\\models\\user.js": {"path":"C:\\Users\\Rayson\\Desktop\\coding\\orbital\\metaverse-mayhem\\server\\mongodb\\models\\user.js","statementMap":{"0":{"start":{"line":3,"column":19},"end":{"line":7,"column":2}},"1":{"start":{"line":9,"column":13},"end":{"line":9,"column":47}}},"fnMap":{},"branchMap":{},"s":{"0":4,"1":4},"f":{},"b":{},"_coverageSchema":"1a1c01bbd47fc00a2c39e90264f33305004495a9","hash":"910fe83f2b313eea5a7a8c4813e86bce71d8de1b"}
,"C:\\Users\\Rayson\\Desktop\\coding\\orbital\\metaverse-mayhem\\server\\routes\\authRoutes.js": {"path":"C:\\Users\\Rayson\\Desktop\\coding\\orbital\\metaverse-mayhem\\server\\routes\\authRoutes.js","statementMap":{"0":{"start":{"line":9,"column":0},"end":{"line":9,"column":16}},"1":{"start":{"line":11,"column":15},"end":{"line":11,"column":31}},"2":{"start":{"line":13,"column":0},"end":{"line":74,"column":3}},"3":{"start":{"line":14,"column":39},"end":{"line":14,"column":47}},"4":{"start":{"line":16,"column":2},"end":{"line":21,"column":3}},"5":{"start":{"line":17,"column":4},"end":{"line":19,"column":74}},"6":{"start":{"line":20,"column":4},"end":{"line":20,"column":11}},"7":{"start":{"line":23,"column":13},"end":{"line":23,"column":50}},"8":{"start":{"line":24,"column":2},"end":{"line":29,"column":3}},"9":{"start":{"line":25,"column":4},"end":{"line":27,"column":7}},"10":{"start":{"line":28,"column":4},"end":{"line":28,"column":11}},"11":{"start":{"line":31,"column":14},"end":{"line":40,"column":136}},"12":{"start":{"line":44,"column":23},"end":{"line":44,"column":60}},"13":{"start":{"line":45,"column":18},"end":{"line":48,"column":4}},"14":{"start":{"line":52,"column":2},"end":{"line":73,"column":3}},"15":{"start":{"line":53,"column":4},"end":{"line":53,"column":51}},"16":{"start":{"line":54,"column":4},"end":{"line":54,"column":29}},"17":{"start":{"line":55,"column":18},"end":{"line":62,"column":5}},"18":{"start":{"line":63,"column":4},"end":{"line":68,"column":7}},"19":{"start":{"line":70,"column":4},"end":{"line":72,"column":7}},"20":{"start":{"line":76,"column":0},"end":{"line":88,"column":3}},"21":{"start":{"line":77,"column":20},"end":{"line":77,"column":28}},"22":{"start":{"line":79,"column":2},"end":{"line":86,"column":3}},"23":{"start":{"line":80,"column":4},"end":{"line":80,"column":56}},"24":{"start":{"line":82,"column":4},"end":{"line":84,"column":5}},"25":{"start":{"line":83,"column":6},"end":{"line":83,"column":55}},"26":{"start":{"line":85,"column":4},"end":{"line":85,"column":51}},"27":{"start":{"line":87,"column":2},"end":{"line":87,"column":20}}},"fnMap":{"0":{"name":"(anonymous_0)","decl":{"start":{"line":13,"column":23},"end":{"line":13,"column":24}},"loc":{"start":{"line":13,"column":43},"end":{"line":74,"column":1}},"line":13},"1":{"name":"(anonymous_1)","decl":{"start":{"line":76,"column":29},"end":{"line":76,"column":30}},"loc":{"start":{"line":76,"column":49},"end":{"line":88,"column":1}},"line":76}},"branchMap":{"0":{"loc":{"start":{"line":16,"column":2},"end":{"line":21,"column":3}},"type":"if","locations":[{"start":{"line":16,"column":2},"end":{"line":21,"column":3}},{"start":{},"end":{}}],"line":16},"1":{"loc":{"start":{"line":16,"column":6},"end":{"line":16,"column":34}},"type":"binary-expr","locations":[{"start":{"line":16,"column":6},"end":{"line":16,"column":16}},{"start":{"line":16,"column":20},"end":{"line":16,"column":34}}],"line":16},"2":{"loc":{"start":{"line":24,"column":2},"end":{"line":29,"column":3}},"type":"if","locations":[{"start":{"line":24,"column":2},"end":{"line":29,"column":3}},{"start":{},"end":{}}],"line":24},"3":{"loc":{"start":{"line":52,"column":2},"end":{"line":73,"column":3}},"type":"if","locations":[{"start":{"line":52,"column":2},"end":{"line":73,"column":3}},{"start":{"line":69,"column":9},"end":{"line":73,"column":3}}],"line":52},"4":{"loc":{"start":{"line":82,"column":4},"end":{"line":84,"column":5}},"type":"if","locations":[{"start":{"line":82,"column":4},"end":{"line":84,"column":5}},{"start":{},"end":{}}],"line":82}},"s":{"0":4,"1":4,"2":4,"3":2,"4":2,"5":1,"6":1,"7":1,"8":1,"9":1,"10":1,"11":0,"12":0,"13":0,"14":0,"15":0,"16":0,"17":0,"18":0,"19":0,"20":4,"21":0,"22":0,"23":0,"24":0,"25":0,"26":0,"27":0},"f":{"0":2,"1":0},"b":{"0":[1,1],"1":[2,1],"2":[1,0],"3":[0,0],"4":[0,0]},"_coverageSchema":"1a1c01bbd47fc00a2c39e90264f33305004495a9","hash":"8725eb2f631ac6499f9bd83ba82f136d17c2e4be"}
,"C:\\Users\\Rayson\\Desktop\\coding\\orbital\\metaverse-mayhem\\server\\routes\\gameRoutes.js": {"path":"C:\\Users\\Rayson\\Desktop\\coding\\orbital\\metaverse-mayhem\\server\\routes\\gameRoutes.js","statementMap":{"0":{"start":{"line":6,"column":0},"end":{"line":6,"column":16}},"1":{"start":{"line":8,"column":15},"end":{"line":8,"column":31}},"2":{"start":{"line":10,"column":0},"end":{"line":13,"column":3}},"3":{"start":{"line":11,"column":20},"end":{"line":11,"column":63}},"4":{"start":{"line":12,"column":2},"end":{"line":12,"column":64}},"5":{"start":{"line":12,"column":50},"end":{"line":12,"column":62}},"6":{"start":{"line":15,"column":0},"end":{"line":18,"column":3}},"7":{"start":{"line":16,"column":17},"end":{"line":16,"column":26}},"8":{"start":{"line":17,"column":2},"end":{"line":17,"column":58}},"9":{"start":{"line":17,"column":40},"end":{"line":17,"column":56}},"10":{"start":{"line":20,"column":0},"end":{"line":23,"column":3}},"11":{"start":{"line":21,"column":17},"end":{"line":21,"column":26}},"12":{"start":{"line":22,"column":2},"end":{"line":22,"column":60}},"13":{"start":{"line":22,"column":42},"end":{"line":22,"column":58}}},"fnMap":{"0":{"name":"(anonymous_0)","decl":{"start":{"line":10,"column":26},"end":{"line":10,"column":27}},"loc":{"start":{"line":10,"column":46},"end":{"line":13,"column":1}},"line":10},"1":{"name":"(anonymous_1)","decl":{"start":{"line":12,"column":42},"end":{"line":12,"column":43}},"loc":{"start":{"line":12,"column":50},"end":{"line":12,"column":62}},"line":12},"2":{"name":"(anonymous_2)","decl":{"start":{"line":15,"column":22},"end":{"line":15,"column":23}},"loc":{"start":{"line":15,"column":36},"end":{"line":18,"column":1}},"line":15},"3":{"name":"(anonymous_3)","decl":{"start":{"line":17,"column":28},"end":{"line":17,"column":29}},"loc":{"start":{"line":17,"column":40},"end":{"line":17,"column":56}},"line":17},"4":{"name":"(anonymous_4)","decl":{"start":{"line":20,"column":25},"end":{"line":20,"column":26}},"loc":{"start":{"line":20,"column":39},"end":{"line":23,"column":1}},"line":20},"5":{"name":"(anonymous_5)","decl":{"start":{"line":22,"column":30},"end":{"line":22,"column":31}},"loc":{"start":{"line":22,"column":42},"end":{"line":22,"column":58}},"line":22}},"branchMap":{},"s":{"0":4,"1":4,"2":4,"3":1,"4":1,"5":1,"6":4,"7":1,"8":1,"9":1,"10":4,"11":1,"12":1,"13":1},"f":{"0":1,"1":1,"2":1,"3":1,"4":1,"5":1},"b":{},"_coverageSchema":"1a1c01bbd47fc00a2c39e90264f33305004495a9","hash":"3d42684da1556d677ef59cddb87c356589cc0e99"}
,"C:\\Users\\Rayson\\Desktop\\coding\\orbital\\metaverse-mayhem\\server\\routes\\marketplaceRoutes.js": {"path":"C:\\Users\\Rayson\\Desktop\\coding\\orbital\\metaverse-mayhem\\server\\routes\\marketplaceRoutes.js","statementMap":{"0":{"start":{"line":6,"column":0},"end":{"line":6,"column":16}},"1":{"start":{"line":8,"column":15},"end":{"line":8,"column":31}},"2":{"start":{"line":10,"column":0},"end":{"line":15,"column":3}},"3":{"start":{"line":12,"column":2},"end":{"line":14,"column":38}},"4":{"start":{"line":13,"column":24},"end":{"line":13,"column":42}},"5":{"start":{"line":14,"column":20},"end":{"line":14,"column":36}},"6":{"start":{"line":17,"column":0},"end":{"line":28,"column":3}},"7":{"start":{"line":19,"column":19},"end":{"line":19,"column":47}},"8":{"start":{"line":21,"column":2},"end":{"line":27,"column":3}},"9":{"start":{"line":22,"column":4},"end":{"line":24,"column":40}},"10":{"start":{"line":23,"column":22},"end":{"line":23,"column":36}},"11":{"start":{"line":24,"column":22},"end":{"line":24,"column":38}},"12":{"start":{"line":26,"column":4},"end":{"line":26,"column":64}},"13":{"start":{"line":30,"column":0},"end":{"line":35,"column":3}},"14":{"start":{"line":32,"column":2},"end":{"line":34,"column":38}},"15":{"start":{"line":33,"column":23},"end":{"line":33,"column":40}},"16":{"start":{"line":34,"column":20},"end":{"line":34,"column":36}},"17":{"start":{"line":37,"column":0},"end":{"line":42,"column":3}},"18":{"start":{"line":39,"column":2},"end":{"line":41,"column":38}},"19":{"start":{"line":40,"column":16},"end":{"line":40,"column":44}},"20":{"start":{"line":41,"column":20},"end":{"line":41,"column":36}}},"fnMap":{"0":{"name":"(anonymous_0)","decl":{"start":{"line":10,"column":22},"end":{"line":10,"column":23}},"loc":{"start":{"line":10,"column":42},"end":{"line":15,"column":1}},"line":10},"1":{"name":"(anonymous_1)","decl":{"start":{"line":13,"column":10},"end":{"line":13,"column":11}},"loc":{"start":{"line":13,"column":24},"end":{"line":13,"column":42}},"line":13},"2":{"name":"(anonymous_2)","decl":{"start":{"line":14,"column":11},"end":{"line":14,"column":12}},"loc":{"start":{"line":14,"column":20},"end":{"line":14,"column":36}},"line":14},"3":{"name":"(anonymous_3)","decl":{"start":{"line":17,"column":23},"end":{"line":17,"column":24}},"loc":{"start":{"line":17,"column":43},"end":{"line":28,"column":1}},"line":17},"4":{"name":"(anonymous_4)","decl":{"start":{"line":23,"column":12},"end":{"line":23,"column":13}},"loc":{"start":{"line":23,"column":22},"end":{"line":23,"column":36}},"line":23},"5":{"name":"(anonymous_5)","decl":{"start":{"line":24,"column":13},"end":{"line":24,"column":14}},"loc":{"start":{"line":24,"column":22},"end":{"line":24,"column":38}},"line":24},"6":{"name":"(anonymous_6)","decl":{"start":{"line":30,"column":25},"end":{"line":30,"column":26}},"loc":{"start":{"line":30,"column":39},"end":{"line":35,"column":1}},"line":30},"7":{"name":"(anonymous_7)","decl":{"start":{"line":33,"column":10},"end":{"line":33,"column":11}},"loc":{"start":{"line":33,"column":23},"end":{"line":33,"column":40}},"line":33},"8":{"name":"(anonymous_8)","decl":{"start":{"line":34,"column":11},"end":{"line":34,"column":12}},"loc":{"start":{"line":34,"column":20},"end":{"line":34,"column":36}},"line":34},"9":{"name":"(anonymous_9)","decl":{"start":{"line":37,"column":28},"end":{"line":37,"column":29}},"loc":{"start":{"line":37,"column":42},"end":{"line":42,"column":1}},"line":37},"10":{"name":"(anonymous_10)","decl":{"start":{"line":40,"column":10},"end":{"line":40,"column":11}},"loc":{"start":{"line":40,"column":16},"end":{"line":40,"column":44}},"line":40},"11":{"name":"(anonymous_11)","decl":{"start":{"line":41,"column":11},"end":{"line":41,"column":12}},"loc":{"start":{"line":41,"column":20},"end":{"line":41,"column":36}},"line":41}},"branchMap":{"0":{"loc":{"start":{"line":21,"column":2},"end":{"line":27,"column":3}},"type":"if","locations":[{"start":{"line":21,"column":2},"end":{"line":27,"column":3}},{"start":{"line":25,"column":9},"end":{"line":27,"column":3}}],"line":21}},"s":{"0":4,"1":4,"2":4,"3":1,"4":1,"5":0,"6":4,"7":2,"8":2,"9":2,"10":2,"11":0,"12":0,"13":4,"14":1,"15":1,"16":0,"17":4,"18":1,"19":1,"20":0},"f":{"0":1,"1":1,"2":0,"3":2,"4":2,"5":0,"6":1,"7":1,"8":0,"9":1,"10":1,"11":0},"b":{"0":[2,0]},"_coverageSchema":"1a1c01bbd47fc00a2c39e90264f33305004495a9","hash":"d62e58aa3c1508c5214c0025a52117604bcec778"}
,"C:\\Users\\Rayson\\Desktop\\coding\\orbital\\metaverse-mayhem\\server\\routes\\userRoutes.js": {"path":"C:\\Users\\Rayson\\Desktop\\coding\\orbital\\metaverse-mayhem\\server\\routes\\userRoutes.js","statementMap":{"0":{"start":{"line":6,"column":0},"end":{"line":6,"column":16}},"1":{"start":{"line":8,"column":15},"end":{"line":8,"column":31}},"2":{"start":{"line":10,"column":0},"end":{"line":15,"column":3}},"3":{"start":{"line":11,"column":24},"end":{"line":11,"column":33}},"4":{"start":{"line":12,"column":2},"end":{"line":14,"column":38}},"5":{"start":{"line":13,"column":22},"end":{"line":13,"column":38}},"6":{"start":{"line":14,"column":20},"end":{"line":14,"column":36}},"7":{"start":{"line":17,"column":0},"end":{"line":21,"column":3}},"8":{"start":{"line":18,"column":2},"end":{"line":20,"column":38}},"9":{"start":{"line":19,"column":20},"end":{"line":19,"column":34}},"10":{"start":{"line":20,"column":20},"end":{"line":20,"column":36}}},"fnMap":{"0":{"name":"(anonymous_0)","decl":{"start":{"line":10,"column":22},"end":{"line":10,"column":23}},"loc":{"start":{"line":10,"column":36},"end":{"line":15,"column":1}},"line":10},"1":{"name":"(anonymous_1)","decl":{"start":{"line":13,"column":10},"end":{"line":13,"column":11}},"loc":{"start":{"line":13,"column":22},"end":{"line":13,"column":38}},"line":13},"2":{"name":"(anonymous_2)","decl":{"start":{"line":14,"column":11},"end":{"line":14,"column":12}},"loc":{"start":{"line":14,"column":20},"end":{"line":14,"column":36}},"line":14},"3":{"name":"(anonymous_3)","decl":{"start":{"line":17,"column":23},"end":{"line":17,"column":24}},"loc":{"start":{"line":17,"column":37},"end":{"line":21,"column":1}},"line":17},"4":{"name":"(anonymous_4)","decl":{"start":{"line":19,"column":10},"end":{"line":19,"column":11}},"loc":{"start":{"line":19,"column":20},"end":{"line":19,"column":34}},"line":19},"5":{"name":"(anonymous_5)","decl":{"start":{"line":20,"column":11},"end":{"line":20,"column":12}},"loc":{"start":{"line":20,"column":20},"end":{"line":20,"column":36}},"line":20}},"branchMap":{},"s":{"0":4,"1":4,"2":4,"3":1,"4":1,"5":1,"6":0,"7":4,"8":1,"9":1,"10":0},"f":{"0":1,"1":1,"2":0,"3":1,"4":1,"5":0},"b":{},"_coverageSchema":"1a1c01bbd47fc00a2c39e90264f33305004495a9","hash":"edff27d3e7a2f05f41f8cf8a0926ce86bc64de74"}
}
