TN:
SF:index.js
FN:38,(anonymous_0)
FN:50,(anonymous_1)
FN:66,(anonymous_2)
FN:83,(anonymous_3)
FN:92,(anonymous_4)
FN:93,(anonymous_5)
FN:98,(anonymous_6)
FN:99,(anonymous_7)
FN:144,(anonymous_8)
FN:153,(anonymous_9)
FN:161,(anonymous_10)
FN:215,(anonymous_11)
FN:221,(anonymous_12)
FNF:13
FNH:0
FNDA:0,(anonymous_0)
FNDA:0,(anonymous_1)
FNDA:0,(anonymous_2)
FNDA:0,(anonymous_3)
FNDA:0,(anonymous_4)
FNDA:0,(anonymous_5)
FNDA:0,(anonymous_6)
FNDA:0,(anonymous_7)
FNDA:0,(anonymous_8)
FNDA:0,(anonymous_9)
FNDA:0,(anonymous_10)
FNDA:0,(anonymous_11)
FNDA:0,(anonymous_12)
DA:13,4
DA:15,4
DA:16,4
DA:17,4
DA:18,4
DA:20,4
DA:21,4
DA:22,4
DA:23,4
DA:25,4
DA:26,4
DA:38,4
DA:39,0
DA:50,4
DA:51,0
DA:53,0
DA:54,0
DA:57,0
DA:66,4
DA:67,0
DA:69,0
DA:70,0
DA:73,0
DA:83,4
DA:84,0
DA:86,0
DA:92,4
DA:93,0
DA:98,0
DA:99,0
DA:100,0
DA:101,0
DA:103,0
DA:104,0
DA:106,0
DA:111,0
DA:116,0
DA:117,0
DA:121,0
DA:122,0
DA:123,0
DA:124,0
DA:130,0
DA:144,0
DA:145,0
DA:153,0
DA:154,0
DA:161,0
DA:162,0
DA:163,0
DA:164,0
DA:165,0
DA:167,0
DA:171,0
DA:177,0
DA:178,0
DA:181,0
DA:182,0
DA:183,0
DA:191,0
DA:194,0
DA:195,0
DA:203,0
DA:205,0
DA:206,0
DA:207,0
DA:215,4
DA:216,0
DA:218,0
DA:221,0
DA:222,0
DA:228,0
DA:230,0
LF:73
LH:17
BRDA:53,0,0,0
BRDA:53,0,1,0
BRDA:69,1,0,0
BRDA:69,1,1,0
BRDA:100,2,0,0
BRDA:100,2,1,0
BRDA:116,3,0,0
BRDA:116,3,1,0
BRDA:177,4,0,0
BRDA:177,4,1,0
BRDA:182,5,0,0
BRDA:182,5,1,0
BRDA:186,6,0,0
BRDA:186,6,1,0
BRDA:194,7,0,0
BRDA:194,7,1,0
BRDA:198,8,0,0
BRDA:198,8,1,0
BRDA:221,9,0,0
BRDA:221,9,1,0
BRDA:223,10,0,0
BRDA:223,10,1,0
BRF:22
BRH:0
end_of_record
TN:
SF:mongodb\connect.js
FN:3,(anonymous_0)
FN:7,(anonymous_1)
FN:8,(anonymous_2)
FNF:3
FNH:0
FNDA:0,(anonymous_0)
FNDA:0,(anonymous_1)
FNDA:0,(anonymous_2)
DA:3,4
DA:4,0
DA:6,0
DA:7,0
DA:8,0
LF:5
LH:1
BRF:0
BRH:0
end_of_record
TN:
SF:mongodb\models\game.js
FNF:0
FNH:0
DA:3,4
DA:7,4
LF:2
LH:2
BRF:0
BRH:0
end_of_record
TN:
SF:mongodb\models\listing.js
FNF:0
FNH:0
DA:3,4
DA:10,4
LF:2
LH:2
BRF:0
BRH:0
end_of_record
TN:
SF:mongodb\models\user.js
FNF:0
FNH:0
DA:3,4
DA:9,4
LF:2
LH:2
BRF:0
BRH:0
end_of_record
TN:
SF:routes\authRoutes.js
FN:13,(anonymous_0)
FN:76,(anonymous_1)
FNF:2
FNH:1
FNDA:2,(anonymous_0)
FNDA:0,(anonymous_1)
DA:9,4
DA:11,4
DA:13,4
DA:14,2
DA:16,2
DA:17,1
DA:20,1
DA:23,1
DA:24,1
DA:25,1
DA:28,1
DA:31,0
DA:44,0
DA:45,0
DA:52,0
DA:53,0
DA:54,0
DA:55,0
DA:63,0
DA:70,0
DA:76,4
DA:77,0
DA:79,0
DA:80,0
DA:82,0
DA:83,0
DA:85,0
DA:87,0
LF:28
LH:12
BRDA:16,0,0,1
BRDA:16,0,1,1
BRDA:16,1,0,2
BRDA:16,1,1,1
BRDA:24,2,0,1
BRDA:24,2,1,0
BRDA:52,3,0,0
BRDA:52,3,1,0
BRDA:82,4,0,0
BRDA:82,4,1,0
BRF:10
BRH:5
end_of_record
TN:
SF:routes\gameRoutes.js
FN:10,(anonymous_0)
FN:12,(anonymous_1)
FN:15,(anonymous_2)
FN:17,(anonymous_3)
FN:20,(anonymous_4)
FN:22,(anonymous_5)
FNF:6
FNH:6
FNDA:1,(anonymous_0)
FNDA:1,(anonymous_1)
FNDA:1,(anonymous_2)
FNDA:1,(anonymous_3)
FNDA:1,(anonymous_4)
FNDA:1,(anonymous_5)
DA:6,4
DA:8,4
DA:10,4
DA:11,1
DA:12,1
DA:15,4
DA:16,1
DA:17,1
DA:20,4
DA:21,1
DA:22,1
LF:11
LH:11
BRF:0
BRH:0
end_of_record
TN:
SF:routes\marketplaceRoutes.js
FN:10,(anonymous_0)
FN:13,(anonymous_1)
FN:14,(anonymous_2)
FN:17,(anonymous_3)
FN:23,(anonymous_4)
FN:24,(anonymous_5)
FN:30,(anonymous_6)
FN:33,(anonymous_7)
FN:34,(anonymous_8)
FN:37,(anonymous_9)
FN:40,(anonymous_10)
FN:41,(anonymous_11)
FNF:12
FNH:8
FNDA:1,(anonymous_0)
FNDA:1,(anonymous_1)
FNDA:0,(anonymous_2)
FNDA:2,(anonymous_3)
FNDA:2,(anonymous_4)
FNDA:0,(anonymous_5)
FNDA:1,(anonymous_6)
FNDA:1,(anonymous_7)
FNDA:0,(anonymous_8)
FNDA:1,(anonymous_9)
FNDA:1,(anonymous_10)
FNDA:0,(anonymous_11)
DA:6,4
DA:8,4
DA:10,4
DA:12,1
DA:13,1
DA:14,0
DA:17,4
DA:19,2
DA:21,2
DA:22,2
DA:23,2
DA:24,0
DA:26,0
DA:30,4
DA:32,1
DA:33,1
DA:34,0
DA:37,4
DA:39,1
DA:40,1
DA:41,0
LF:21
LH:16
BRDA:21,0,0,2
BRDA:21,0,1,0
BRF:2
BRH:1
end_of_record
TN:
SF:routes\userRoutes.js
FN:10,(anonymous_0)
FN:13,(anonymous_1)
FN:14,(anonymous_2)
FN:17,(anonymous_3)
FN:19,(anonymous_4)
FN:20,(anonymous_5)
FNF:6
FNH:4
FNDA:1,(anonymous_0)
FNDA:1,(anonymous_1)
FNDA:0,(anonymous_2)
FNDA:1,(anonymous_3)
FNDA:1,(anonymous_4)
FNDA:0,(anonymous_5)
DA:6,4
DA:8,4
DA:10,4
DA:11,1
DA:12,1
DA:13,1
DA:14,0
DA:17,4
DA:18,1
DA:19,1
DA:20,0
LF:11
LH:9
BRF:0
BRH:0
end_of_record
